<?xml version="1.0" encoding="UTF-8"?>
<!-- Generated by org.testng.reporters.JUnitReportReporter -->
<testsuite hostname="DESKTOP-5EVK54D" failures="0" tests="1" name="serializationanddeserialization.CreateUserUsingSeriaDeseria" time="9.145" errors="0" timestamp="2023-09-22T07:25:18 IST" skipped="0">
  <testcase classname="serializationanddeserialization.CreateUserUsingSeriaDeseria" name="createUser" time="9.145"/>
  <system-out/>
</testsuite> <!-- serializationanddeserialization.CreateUserUsingSeriaDeseria -->
