<?xml version="1.0" encoding="UTF-8"?>
<!-- Generated by org.testng.reporters.JUnitReportReporter -->
<testsuite hostname="DESKTOP-5EVK54D" failures="0" tests="1" name="serializationanddeserialization.SendingBodyFromOtherClass" time="6.501" errors="0" timestamp="2023-09-21T07:26:35 IST" skipped="0">
  <testcase classname="serializationanddeserialization.SendingBodyFromOtherClass" name="createUser" time="6.501"/>
  <system-out/>
</testsuite> <!-- serializationanddeserialization.SendingBodyFromOtherClass -->
