<?xml version="1.0" encoding="UTF-8"?>
<!-- Generated by org.testng.reporters.JUnitReportReporter -->
<testsuite hostname="DESKTOP-5EVK54D" failures="0" tests="1" name="dataextraction.ExtractDataFromReadyMadeJson" time="3.410" errors="0" timestamp="2023-09-16T08:30:02 IST" skipped="0">
  <testcase classname="dataextraction.ExtractDataFromReadyMadeJson" name="fetchDataFromJson" time="3.410"/>
  <system-out/>
</testsuite> <!-- dataextraction.ExtractDataFromReadyMadeJson -->
