<?xml version="1.0" encoding="UTF-8"?>
<!-- Generated by org.testng.reporters.JUnitReportReporter -->
<testsuite hostname="DESKTOP-5EVK54D" failures="0" tests="1" name="authschemes.BasicAuth" time="7.292" errors="0" timestamp="2023-09-26T08:03:08 IST" skipped="0">
  <testcase classname="authschemes.BasicAuth" name="basicAuthTest" time="7.292"/>
  <system-out/>
</testsuite> <!-- authschemes.BasicAuth -->
