<?xml version="1.0" encoding="UTF-8"?>
<!-- Generated by org.testng.reporters.JUnitReportReporter -->
<testsuite hostname="DESKTOP-5EVK54D" failures="0" tests="1" name="basics.POST_CreateUser" time="5.749" errors="0" timestamp="2023-09-14T07:35:35 IST" skipped="0">
  <testcase classname="basics.POST_CreateUser" name="createUser" time="5.749"/>
  <system-out/>
</testsuite> <!-- basics.POST_CreateUser -->
