<?xml version="1.0" encoding="UTF-8"?>
<!-- Generated by org.testng.reporters.JUnitReportReporter -->
<testsuite hostname="DESKTOP-5EVK54D" failures="0" tests="1" name="queryandpathparams.AssertTypes" time="5.666" errors="0" timestamp="2023-09-20T06:56:39 IST" skipped="0">
  <testcase classname="queryandpathparams.AssertTypes" name="getUserDetails" time="5.666"/>
  <system-out/>
</testsuite> <!-- queryandpathparams.AssertTypes -->
