<?xml version="1.0" encoding="UTF-8"?>
<!-- Generated by org.testng.reporters.JUnitReportReporter -->
<testsuite hostname="DESKTOP-5EVK54D" failures="0" tests="1" name="assertionsusage.Example1" time="9.130" errors="0" timestamp="2023-09-20T08:32:04 IST" skipped="0">
  <testcase classname="assertionsusage.Example1" name="assertWorkspace" time="9.130"/>
  <system-out/>
</testsuite> <!-- assertionsusage.Example1 -->
