<?xml version="1.0" encoding="UTF-8"?>
<!-- Generated by org.testng.reporters.JUnitReportReporter -->
<testsuite hostname="DESKTOP-5EVK54D" failures="0" tests="1" name="basics.DELETE" time="6.056" errors="0" timestamp="2023-09-15T07:48:03 IST" skipped="0">
  <testcase classname="basics.DELETE" name="deleteWorkspace" time="6.056"/>
  <system-out/>
</testsuite> <!-- basics.DELETE -->
