<?xml version="1.0" encoding="UTF-8"?>
<!-- Generated by org.testng.reporters.JUnitReportReporter -->
<testsuite hostname="DESKTOP-5EVK54D" failures="0" tests="1" name="specbuilder.RequestAndResponseSpecBuilder" time="4.882" errors="0" timestamp="2023-09-25T08:32:38 IST" skipped="0">
  <testcase classname="specbuilder.RequestAndResponseSpecBuilder" name="createUser" time="4.882"/>
  <system-out/>
</testsuite> <!-- specbuilder.RequestAndResponseSpecBuilder -->
