<?xml version="1.0" encoding="UTF-8"?>
<!-- Generated by org.testng.reporters.JUnitReportReporter -->
<testsuite hostname="DESKTOP-5EVK54D" failures="0" tests="1" name="dataextraction.ExtractDataFromComplexJson" time="6.135" errors="0" timestamp="2023-09-16T07:59:35 IST" skipped="0">
  <testcase classname="dataextraction.ExtractDataFromComplexJson" name="getDataFromResponse" time="6.135"/>
  <system-out/>
</testsuite> <!-- dataextraction.ExtractDataFromComplexJson -->
