<?xml version="1.0" encoding="UTF-8"?>
<!-- Generated by org.testng.reporters.JUnitReportReporter -->
<testsuite hostname="DESKTOP-5EVK54D" failures="0" tests="2" name="dataextraction.APIChaining" time="9.794" errors="0" timestamp="2023-09-18T07:36:47 IST" skipped="0">
  <testcase classname="dataextraction.APIChaining" name="createUser" time="8.182"/>
  <system-out/>
  <testcase classname="dataextraction.APIChaining" name="getUserDetails" time="1.612"/>
  <system-out/>
</testsuite> <!-- dataextraction.APIChaining -->
