<?xml version="1.0" encoding="UTF-8"?>
<!-- Generated by org.testng.reporters.JUnitReportReporter -->
<testsuite hostname="DESKTOP-5EVK54D" failures="0" tests="1" name="sendingbody.MockServerPost" time="6.898" errors="0" timestamp="2023-09-25T07:42:53 IST" skipped="0">
  <testcase classname="sendingbody.MockServerPost" name="mockTest" time="6.898"/>
  <system-out/>
</testsuite> <!-- sendingbody.MockServerPost -->
