<?xml version="1.0" encoding="UTF-8"?>
<!-- Generated by org.testng.reporters.JUnitReportReporter -->
<testsuite hostname="DESKTOP-5EVK54D" failures="0" tests="1" name="dataextraction.GetOutputParameters" time="5.352" errors="0" timestamp="2023-09-16T07:18:35 IST" skipped="0">
  <testcase classname="dataextraction.GetOutputParameters" name="getUserDetails" time="5.352"/>
  <system-out/>
</testsuite> <!-- dataextraction.GetOutputParameters -->
