<?xml version="1.0" encoding="UTF-8"?>
<!-- Generated by org.testng.reporters.JUnitReportReporter -->
<testsuite hostname="DESKTOP-5EVK54D" failures="0" tests="1" name="ecom.POST_Login" time="8.067" errors="0" timestamp="2023-09-23T08:25:24 IST" skipped="0">
  <testcase classname="ecom.POST_Login" name="loginToApp" time="8.067"/>
  <system-out/>
</testsuite> <!-- ecom.POST_Login -->
