<?xml version="1.0" encoding="UTF-8"?>
<!-- Generated by org.testng.reporters.JUnitReportReporter -->
<testsuite hostname="DESKTOP-5EVK54D" failures="0" tests="2" name="basics.POSTWithGET" time="7.681" errors="0" timestamp="2023-09-14T07:56:16 IST" skipped="0">
  <testcase classname="basics.POSTWithGET" name="getUserDetails" time="1.408"/>
  <system-out/>
  <testcase classname="basics.POSTWithGET" name="createUser" time="6.273"/>
  <system-out/>
</testsuite> <!-- basics.POSTWithGET -->
