<?xml version="1.0" encoding="UTF-8"?>
<!-- Generated by org.testng.reporters.JUnitReportReporter -->
<testsuite hostname="DESKTOP-5EVK54D" failures="0" tests="1" name="queryandpathparams.QueryParams" time="6.447" errors="0" timestamp="2023-09-20T07:21:04 IST" skipped="0">
  <testcase classname="queryandpathparams.QueryParams" name="passQuery" time="6.447"/>
  <system-out/>
</testsuite> <!-- queryandpathparams.QueryParams -->
