<?xml version="1.0" encoding="UTF-8"?>
<!-- Generated by org.testng.reporters.JUnitReportReporter -->
<testsuite hostname="DESKTOP-5EVK54D" failures="0" tests="2" name="queryandpathparams.PathParam" time="7.982" errors="0" timestamp="2023-09-18T08:23:25 IST" skipped="1">
  <testcase classname="queryandpathparams.PathParam" name="applyPathParam2" time="7.982"/>
  <system-out/>
  <testcase classname="queryandpathparams.PathParam" name="applyPathParamMethod">
    <skipped/>
  </testcase> <!-- applyPathParamMethod -->
  <system-out/>
</testsuite> <!-- queryandpathparams.PathParam -->
