<?xml version="1.0" encoding="UTF-8"?>
<!-- Generated by org.testng.reporters.JUnitReportReporter -->
<testsuite hostname="DESKTOP-5EVK54D" failures="0" tests="1" name="dataextraction.DataExtractFromResponse" time="9.471" errors="0" timestamp="2023-09-16T07:42:10 IST" skipped="0">
  <testcase classname="dataextraction.DataExtractFromResponse" name="getDataFromResponse" time="9.471"/>
  <system-out/>
</testsuite> <!-- dataextraction.DataExtractFromResponse -->
