<?xml version="1.0" encoding="UTF-8"?>
<!-- Generated by org.testng.reporters.JUnitReportReporter -->
<testsuite hostname="DESKTOP-5EVK54D" failures="0" tests="1" name="specbuilder.RequestAndResponseSpecBuilder" time="5.152" errors="0" timestamp="2023-09-26T07:10:36 IST" skipped="0">
  <testcase classname="specbuilder.RequestAndResponseSpecBuilder" name="createUser" time="5.152"/>
  <system-out/>
</testsuite> <!-- specbuilder.RequestAndResponseSpecBuilder -->
