<?xml version="1.0" encoding="UTF-8"?>
<!-- Generated by org.testng.reporters.JUnitReportReporter -->
<testsuite hostname="DESKTOP-5EVK54D" failures="0" tests="1" name="serializationanddeserialization.GET_UserDetails" time="5.982" errors="0" timestamp="2023-09-22T08:13:41 IST" skipped="0">
  <testcase classname="serializationanddeserialization.GET_UserDetails" name="fetchUserDetails" time="5.982"/>
  <system-out/>
</testsuite> <!-- serializationanddeserialization.GET_UserDetails -->
