<?xml version="1.0" encoding="UTF-8"?>
<!-- Generated by org.testng.reporters.JUnitReportReporter -->
<testsuite hostname="DESKTOP-5EVK54D" failures="0" tests="1" name="dataextraction.GetOutputParameters" time="6.920" errors="0" timestamp="2023-09-15T08:30:52 IST" skipped="0">
  <testcase classname="dataextraction.GetOutputParameters" name="getUserDetails" time="6.920"/>
  <system-out/>
</testsuite> <!-- dataextraction.GetOutputParameters -->
