<?xml version="1.0" encoding="UTF-8"?>
<!-- Generated by org.testng.reporters.JUnitReportReporter -->
<testsuite hostname="DESKTOP-5EVK54D" failures="0" tests="1" name="sendingbody.CreateUser" time="6.909" errors="0" timestamp="2023-09-25T07:25:49 IST" skipped="0">
  <testcase classname="sendingbody.CreateUser" name="createUser" time="6.909"/>
  <system-out/>
</testsuite> <!-- sendingbody.CreateUser -->
