<?xml version="1.0" encoding="UTF-8"?>
<!-- Generated by org.testng.reporters.JUnitReportReporter -->
<testsuite hostname="DESKTOP-5EVK54D" failures="0" tests="1" name="basics.PUT_UpdateWorkspace" time="7.011" errors="0" timestamp="2023-09-15T07:26:12 IST" skipped="0">
  <testcase classname="basics.PUT_UpdateWorkspace" name="updateWorkspace" time="7.011"/>
  <system-out/>
</testsuite> <!-- basics.PUT_UpdateWorkspace -->
