<?xml version="1.0" encoding="UTF-8"?>
<!-- Generated by org.testng.reporters.JUnitReportReporter -->
<testsuite hostname="DESKTOP-5EVK54D" failures="0" tests="1" name="basics.PATCH" time="7.320" errors="0" timestamp="2023-09-15T08:06:00 IST" skipped="0">
  <testcase classname="basics.PATCH" name="updateCollection" time="7.320"/>
  <system-out/>
</testsuite> <!-- basics.PATCH -->
