<?xml version="1.0" encoding="UTF-8"?>
<!-- Generated by org.testng.reporters.JUnitReportReporter -->
<testsuite hostname="DESKTOP-5EVK54D" failures="0" tests="1" name="ecom.PlaceOrder" time="1.289" errors="0" timestamp="2023-09-25T08:04:32 IST" skipped="0">
  <testcase classname="ecom.PlaceOrder" name="placeOrderTest" time="1.289"/>
  <system-out/>
</testsuite> <!-- ecom.PlaceOrder -->
